{
  message: '::1 - - [31/May/2025:12:44:55 +0000] "GET /api/users%0A HTTP/1.1" 500 1376 "-" "PostmanRuntime/7.43.4"',
  level: 'info',
  service: 'student-portal-api',
  timestamp: '2025-05-31T12:44:55.704Z'
}
{
  message: '::1 - - [31/May/2025:12:45:31 +0000] "GET //admin/login%0A HTTP/1.1" 500 1382 "-" "PostmanRuntime/7.43.4"',
  level: 'info',
  service: 'student-portal-api',
  timestamp: '2025-05-31T12:45:31.116Z'
}
{
  message: '::1 - - [31/May/2025:12:45:54 +0000] "GET //admin/login%0A HTTP/1.1" 500 1382 "-" "PostmanRuntime/7.43.4"',
  level: 'info',
  service: 'student-portal-api',
  timestamp: '2025-05-31T12:45:54.392Z'
}
{
  message: '::1 - - [31/May/2025:12:46:29 +0000] "GET /api/auth/admin/login%0A HTTP/1.1" 401 43 "-" "PostmanRuntime/7.43.4"',
  level: 'info',
  service: 'student-portal-api',
  timestamp: '2025-05-31T12:46:29.904Z'
}
{
  message: '::1 - - [31/May/2025:12:46:53 +0000] "GET /api/auth/admin/login%0A HTTP/1.1" 401 43 "-" "PostmanRuntime/7.43.4"',
  level: 'info',
  service: 'student-portal-api',
  timestamp: '2025-05-31T12:46:53.329Z'
}
{
  message: '::1 - - [31/May/2025:12:49:11 +0000] "GET /api/auth/admin/login%0A HTTP/1.1" 401 43 "-" "PostmanRuntime/7.43.4"',
  level: 'info',
  service: 'student-portal-api',
  timestamp: '2025-05-31T12:49:11.266Z'
}
{
  message: '::1 - - [31/May/2025:12:49:31 +0000] "GET /api/auth/admin/login%0A HTTP/1.1" 401 43 "-" "PostmanRuntime/7.43.4"',
  level: 'info',
  service: 'student-portal-api',
  timestamp: '2025-05-31T12:49:31.413Z'
}
{
  message: '::1 - - [31/May/2025:12:49:32 +0000] "GET /api/auth/admin/login%0A HTTP/1.1" 401 43 "-" "PostmanRuntime/7.43.4"',
  level: 'info',
  service: 'student-portal-api',
  timestamp: '2025-05-31T12:49:32.931Z'
}
{
  message: '::1 - - [31/May/2025:12:53:49 +0000] "GET /api/auth/admin/login%0A HTTP/1.1" 401 51 "-" "PostmanRuntime/7.43.4"',
  level: 'info',
  service: 'student-portal-api',
  timestamp: '2025-05-31T12:53:49.775Z'
}
{
  message: '::1 - - [31/May/2025:12:59:25 +0000] "GET /api/auth/admin/login%0A HTTP/1.1" 401 51 "-" "PostmanRuntime/7.43.4"',
  level: 'info',
  service: 'student-portal-api',
  timestamp: '2025-05-31T12:59:25.078Z'
}
{
  message: '::1 - - [31/May/2025:12:59:40 +0000] "GET /api/auth/admin/login%0A HTTP/1.1" 401 51 "-" "PostmanRuntime/7.43.4"',
  level: 'info',
  service: 'student-portal-api',
  timestamp: '2025-05-31T12:59:40.784Z'
}
{
  message: '::1 - - [31/May/2025:13:00:14 +0000] "GET /auth/admin/login HTTP/1.1" 500 1384 "-" "PostmanRuntime/7.43.4"',
  level: 'info',
  service: 'student-portal-api',
  timestamp: '2025-05-31T13:00:14.338Z'
}
{
  message: '::1 - - [31/May/2025:13:00:23 +0000] "POST /auth/admin/login HTTP/1.1" 500 1384 "-" "PostmanRuntime/7.43.4"',
  level: 'info',
  service: 'student-portal-api',
  timestamp: '2025-05-31T13:00:23.047Z'
}
{
  message: '::1 - - [31/May/2025:13:00:31 +0000] "POST /api/auth/admin/login%0A HTTP/1.1" 401 51 "-" "PostmanRuntime/7.43.4"',
  level: 'info',
  service: 'student-portal-api',
  timestamp: '2025-05-31T13:00:31.411Z'
}
{
  message: '::1 - - [31/May/2025:13:00:59 +0000] "POST /auth/admin/login HTTP/1.1" 500 1384 "-" "PostmanRuntime/7.43.4"',
  level: 'info',
  service: 'student-portal-api',
  timestamp: '2025-05-31T13:00:59.152Z'
}
{
  message: '::1 - - [31/May/2025:13:01:17 +0000] "POST /admin/login HTTP/1.1" 500 1374 "-" "PostmanRuntime/7.43.4"',
  level: 'info',
  service: 'student-portal-api',
  timestamp: '2025-05-31T13:01:17.999Z'
}
{
  message: '::1 - - [31/May/2025:13:01:27 +0000] "POST /api/admin/login HTTP/1.1" 500 1382 "-" "PostmanRuntime/7.43.4"',
  level: 'info',
  service: 'student-portal-api',
  timestamp: '2025-05-31T13:01:27.421Z'
}
{
  message: '::1 - - [31/May/2025:13:02:19 +0000] "POST //auth/admin/login HTTP/1.1" 500 1386 "-" "PostmanRuntime/7.43.4"',
  level: 'info',
  service: 'student-portal-api',
  timestamp: '2025-05-31T13:02:19.687Z'
}
{
  message: '::1 - - [31/May/2025:13:02:25 +0000] "POST /auth/admin/login HTTP/1.1" 500 1384 "-" "PostmanRuntime/7.43.4"',
  level: 'info',
  service: 'student-portal-api',
  timestamp: '2025-05-31T13:02:25.090Z'
}
{
  message: '::1 - - [31/May/2025:13:02:38 +0000] "POST /auth/admin/login HTTP/1.1" 500 1384 "-" "PostmanRuntime/7.43.4"',
  level: 'info',
  service: 'student-portal-api',
  timestamp: '2025-05-31T13:02:38.923Z'
}
{
  message: '::1 - - [31/May/2025:13:02:46 +0000] "POST /auth/admin/login HTTP/1.1" 500 1384 "-" "PostmanRuntime/7.43.4"',
  level: 'info',
  service: 'student-portal-api',
  timestamp: '2025-05-31T13:02:46.997Z'
}
{
  message: '::1 - - [31/May/2025:13:03:01 +0000] "POST /api/auth/admin/login HTTP/1.1" 200 983 "-" "PostmanRuntime/7.43.4"',
  level: 'info',
  service: 'student-portal-api',
  timestamp: '2025-05-31T13:03:01.373Z'
}
